       1	   8	       128	     0.023 GigaMultsPerSecond
       1	  16	        64	     0.022 GigaMultsPerSecond
       1	  32	        32	     0.023 GigaMultsPerSecond
       1	  64	        16	     0.022 GigaMultsPerSecond
       1	 128	         8	     0.023 GigaMultsPerSecond
       1	 256	         4	     0.023 GigaMultsPerSecond
       1	 512	         2	     0.023 GigaMultsPerSecond
       4	   8	       512	     0.090 GigaMultsPerSecond
       4	  16	       256	     0.091 GigaMultsPerSecond
       4	  32	       128	     0.090 GigaMultsPerSecond
       4	  64	        64	     0.095 GigaMultsPerSecond
       4	 128	        32	     0.093 GigaMultsPerSecond
       4	 256	        16	     0.092 GigaMultsPerSecond
       4	 512	         8	     0.093 GigaMultsPerSecond
      16	   8	      2048	     0.346 GigaMultsPerSecond
      16	  16	      1024	     0.357 GigaMultsPerSecond
      16	  32	       512	     0.362 GigaMultsPerSecond
      16	  64	       256	     0.359 GigaMultsPerSecond
      16	 128	       128	     0.375 GigaMultsPerSecond
      16	 256	        64	     0.379 GigaMultsPerSecond
      16	 512	        32	     0.301 GigaMultsPerSecond
      64	   8	      8192	     1.143 GigaMultsPerSecond
      64	  16	      4096	     1.303 GigaMultsPerSecond
      64	  32	      2048	     1.402 GigaMultsPerSecond
      64	  64	      1024	     1.437 GigaMultsPerSecond
      64	 128	       512	     1.489 GigaMultsPerSecond
      64	 256	       256	     1.500 GigaMultsPerSecond
      64	 512	       128	     1.478 GigaMultsPerSecond
     128	   8	     16384	     1.654 GigaMultsPerSecond
     128	  16	      8192	     2.323 GigaMultsPerSecond
     128	  32	      4096	     2.594 GigaMultsPerSecond
     128	  64	      2048	     2.834 GigaMultsPerSecond
     128	 128	      1024	     2.905 GigaMultsPerSecond
     128	 256	       512	     3.000 GigaMultsPerSecond
     128	 512	       256	     2.845 GigaMultsPerSecond
     512	   8	     65536	     1.662 GigaMultsPerSecond
     512	  16	     32768	     2.008 GigaMultsPerSecond
     512	  32	     16384	     2.233 GigaMultsPerSecond
     512	  64	      8192	     2.376 GigaMultsPerSecond
     512	 128	      4096	     2.451 GigaMultsPerSecond
     512	 256	      2048	     2.480 GigaMultsPerSecond
     512	 512	      1024	     2.439 GigaMultsPerSecond
    1024	   8	    131072	     2.412 GigaMultsPerSecond
    1024	  16	     65536	     2.868 GigaMultsPerSecond
    1024	  32	     32768	     3.269 GigaMultsPerSecond
    1024	  64	     16384	     4.394 GigaMultsPerSecond
    1024	 128	      8192	     4.697 GigaMultsPerSecond
    1024	 256	      4096	     4.471 GigaMultsPerSecond
    1024	 512	      2048	     4.479 GigaMultsPerSecond
    2048	   8	    262144	     3.245 GigaMultsPerSecond
    2048	  16	    131072	     4.854 GigaMultsPerSecond
    2048	  32	     65536	     6.332 GigaMultsPerSecond
    2048	  64	     32768	     7.824 GigaMultsPerSecond
    2048	 128	     16384	     6.946 GigaMultsPerSecond
    2048	 256	      8192	     8.561 GigaMultsPerSecond
    2048	 512	      4096	     8.514 GigaMultsPerSecond
    4096	   8	    524288	     3.774 GigaMultsPerSecond
    4096	  16	    262144	     6.086 GigaMultsPerSecond
    4096	  32	    131072	     8.294 GigaMultsPerSecond
    4096	  64	     65536	    11.936 GigaMultsPerSecond
    4096	 128	     32768	    13.312 GigaMultsPerSecond
    4096	 256	     16384	    13.617 GigaMultsPerSecond
    4096	 512	      8192	    11.040 GigaMultsPerSecond
    8192	   8	   1048576	     4.152 GigaMultsPerSecond
    8192	  16	    524288	     7.265 GigaMultsPerSecond
    8192	  32	    262144	    11.309 GigaMultsPerSecond
    8192	  64	    131072	    16.826 GigaMultsPerSecond
    8192	 128	     65536	    20.694 GigaMultsPerSecond
    8192	 256	     32768	    18.906 GigaMultsPerSecond
    8192	 512	     16384	    20.030 GigaMultsPerSecond
       1	   8	       128	     0.013 GigaMultsPerSecond
       1	  16	        64	     0.019 GigaMultsPerSecond
       1	  32	        32	     0.013 GigaMultsPerSecond
       1	  64	        16	     0.020 GigaMultsPerSecond
       1	 128	         8	     0.011 GigaMultsPerSecond
       1	 256	         4	     0.013 GigaMultsPerSecond
       1	 512	         2	     0.012 GigaMultsPerSecond
       4	   8	       512	     0.051 GigaMultsPerSecond
       4	  16	       256	     0.089 GigaMultsPerSecond
       4	  32	       128	     0.082 GigaMultsPerSecond
       4	  64	        64	     0.051 GigaMultsPerSecond
       4	 128	        32	     0.090 GigaMultsPerSecond
       4	 256	        16	     0.051 GigaMultsPerSecond
       4	 512	         8	     0.082 GigaMultsPerSecond
      16	   8	      2048	     0.333 GigaMultsPerSecond
      16	  16	      1024	     0.280 GigaMultsPerSecond
      16	  32	       512	     0.205 GigaMultsPerSecond
      16	  64	       256	     0.355 GigaMultsPerSecond
      16	 128	       128	     0.206 GigaMultsPerSecond
      16	 256	        64	     0.326 GigaMultsPerSecond
      16	 512	        32	     0.353 GigaMultsPerSecond
      64	   8	      8192	     1.014 GigaMultsPerSecond
      64	  16	      4096	     0.823 GigaMultsPerSecond
      64	  32	      2048	     1.320 GigaMultsPerSecond
      64	  64	      1024	     1.234 GigaMultsPerSecond
      64	 128	       512	     1.320 GigaMultsPerSecond
      64	 256	       256	     1.139 GigaMultsPerSecond
      64	 512	       128	     1.173 GigaMultsPerSecond
     128	   8	     16384	     1.475 GigaMultsPerSecond
     128	  16	      8192	     2.088 GigaMultsPerSecond
     128	  32	      4096	     1.997 GigaMultsPerSecond
     128	  64	      2048	     2.261 GigaMultsPerSecond
     128	 128	      1024	     2.093 GigaMultsPerSecond
     128	 256	       512	     1.755 GigaMultsPerSecond
     128	 512	       256	     2.349 GigaMultsPerSecond
     512	   8	     65536	     0.335 GigaMultsPerSecond
     512	  16	     32768	     0.091 GigaMultsPerSecond
     512	  32	     16384	     1.065 GigaMultsPerSecond
     512	  64	      8192	     0.022 GigaMultsPerSecond
     512	 128	      4096	     0.109 GigaMultsPerSecond
     512	 256	      2048	     0.302 GigaMultsPerSecond
     512	 512	      1024	     0.622 GigaMultsPerSecond
    1024	   8	    131072	     0.270 GigaMultsPerSecond
    1024	  16	     65536	     0.301 GigaMultsPerSecond
    1024	  32	     32768	     2.608 GigaMultsPerSecond
    1024	  64	     16384	     0.067 GigaMultsPerSecond
    1024	 128	      8192	     0.202 GigaMultsPerSecond
    1024	 256	      4096	     0.297 GigaMultsPerSecond
    1024	 512	      2048	     3.272 GigaMultsPerSecond
    2048	   8	    262144	     0.390 GigaMultsPerSecond
    2048	  16	    131072	     0.007 GigaMultsPerSecond
    2048	  32	     65536	     5.187 GigaMultsPerSecond
    2048	  64	     32768	     0.510 GigaMultsPerSecond
    2048	 128	     16384	     0.482 GigaMultsPerSecond
    2048	 256	      8192	     0.007 GigaMultsPerSecond
    2048	 512	      4096	     4.783 GigaMultsPerSecond
    4096	   8	    524288	     0.017 GigaMultsPerSecond
    4096	  16	    262144	     5.049 GigaMultsPerSecond
    4096	  32	    131072	     0.177 GigaMultsPerSecond
    4096	  64	     65536	     0.901 GigaMultsPerSecond
    4096	 128	     32768	     1.026 GigaMultsPerSecond
    4096	 256	     16384	     4.538 GigaMultsPerSecond
    4096	 512	      8192	     0.606 GigaMultsPerSecond
    8192	   8	   1048576	     1.345 GigaMultsPerSecond
    8192	  16	    524288	     1.320 GigaMultsPerSecond
    8192	  32	    262144	     0.014 GigaMultsPerSecond
    8192	  64	    131072	     0.010 GigaMultsPerSecond
    8192	 128	     65536	     0.009 GigaMultsPerSecond
    8192	 256	     32768	     0.006 GigaMultsPerSecond
    8192	 512	     16384	     0.011 GigaMultsPerSecond
       1	  32	        32	     0.018 GigaMultsPerSecond
       1	  64	        16	     0.012 GigaMultsPerSecond
       1	 128	         8	     0.015 GigaMultsPerSecond
       1	 256	         4	     0.021 GigaMultsPerSecond
       4	  32	       128	     0.079 GigaMultsPerSecond
       4	  64	        64	     0.069 GigaMultsPerSecond
       4	 128	        32	     0.053 GigaMultsPerSecond
       4	 256	        16	     0.073 GigaMultsPerSecond
      16	  32	       512	     0.318 GigaMultsPerSecond
      16	  64	       256	     0.300 GigaMultsPerSecond
      16	 128	       128	     0.268 GigaMultsPerSecond
      16	 256	        64	     0.317 GigaMultsPerSecond
      64	  32	      2048	     1.228 GigaMultsPerSecond
      64	  64	      1024	     0.870 GigaMultsPerSecond
      64	 128	       512	     0.838 GigaMultsPerSecond
      64	 256	       256	     1.057 GigaMultsPerSecond
     128	  32	      4096	     1.814 GigaMultsPerSecond
     128	  64	      2048	     1.857 GigaMultsPerSecond
     128	 128	      1024	     2.705 GigaMultsPerSecond
     128	 256	       512	     2.474 GigaMultsPerSecond
     512	  32	     16384	     0.149 GigaMultsPerSecond
     512	  64	      8192	     1.449 GigaMultsPerSecond
     512	 128	      4096	     1.514 GigaMultsPerSecond
     512	 256	      2048	     1.193 GigaMultsPerSecond
    1024	  32	     32768	     3.507 GigaMultsPerSecond
    1024	  64	     16384	     2.568 GigaMultsPerSecond
    1024	 128	      8192	     2.914 GigaMultsPerSecond
    1024	 256	      4096	     2.622 GigaMultsPerSecond
    2048	  32	     65536	     0.007 GigaMultsPerSecond
    2048	  64	     32768	     5.211 GigaMultsPerSecond
    2048	 128	     16384	     3.317 GigaMultsPerSecond
    2048	 256	      8192	     0.168 GigaMultsPerSecond
    4096	  32	    131072	     7.198 GigaMultsPerSecond
    4096	  64	     65536	     9.165 GigaMultsPerSecond
    4096	 128	     32768	     9.840 GigaMultsPerSecond
    4096	 256	     16384	     1.118 GigaMultsPerSecond
    8192	  32	    262144	    10.598 GigaMultsPerSecond
    8192	  64	    131072	    14.575 GigaMultsPerSecond
    8192	 128	     65536	     2.079 GigaMultsPerSecond
    8192	 256	     32768	    22.984 GigaMultsPerSecond
